This file contains any messages produced by compilers while
running configure, to aid debugging if configure makes a mistake.

It was created by HTS configure 2.2, which was
generated by GNU Autoconf 2.63.  Invocation command line was

  $ ./configure --prefix=/usr/local

## --------- ##
## Platform. ##
## --------- ##

hostname = ws09
uname -m = x86_64
uname -r = 3.8.0-29-generic
uname -s = Linux
uname -v = #42~precise1-Ubuntu SMP Wed Aug 14 16:19:23 UTC 2013

/usr/bin/uname -p = unknown
/bin/uname -X     = unknown

/bin/arch              = unknown
/usr/bin/arch -k       = unknown
/usr/convex/getsysinfo = unknown
/usr/bin/hostinfo      = unknown
/bin/machine           = unknown
/usr/bin/oslevel       = unknown
/bin/universe          = unknown

PATH: /usr/lib/lightdm/lightdm
PATH: /usr/local/sbin
PATH: /usr/local/bin
PATH: /usr/sbin
PATH: /usr/bin
PATH: /sbin
PATH: /bin
PATH: /usr/games


## ----------- ##
## Core tests. ##
## ----------- ##

configure:1875: checking whether make sets $(MAKE)
configure:1897: result: yes
configure:1910: checking for gawk
configure:1940: result: no
configure:1910: checking for mawk
configure:1926: found /usr/bin/mawk
configure:1937: result: mawk
configure:1996: checking for gcc
configure:2012: found /usr/bin/gcc
configure:2023: result: gcc
configure:2255: checking for C compiler version
configure:2263: gcc --version >&5
gcc (Ubuntu/Linaro 4.6.3-1ubuntu5) 4.6.3
Copyright (C) 2011 Free Software Foundation, Inc.
This is free software; see the source for copying conditions.  There is NO
warranty; not even for MERCHANTABILITY or FITNESS FOR A PARTICULAR PURPOSE.

configure:2267: $? = 0
configure:2274: gcc -v >&5
Using built-in specs.
COLLECT_GCC=gcc
COLLECT_LTO_WRAPPER=/usr/lib/gcc/x86_64-linux-gnu/4.6/lto-wrapper
Target: x86_64-linux-gnu
Configured with: ../src/configure -v --with-pkgversion='Ubuntu/Linaro 4.6.3-1ubuntu5' --with-bugurl=file:///usr/share/doc/gcc-4.6/README.Bugs --enable-languages=c,c++,fortran,objc,obj-c++ --prefix=/usr --program-suffix=-4.6 --enable-shared --enable-linker-build-id --with-system-zlib --libexecdir=/usr/lib --without-included-gettext --enable-threads=posix --with-gxx-include-dir=/usr/include/c++/4.6 --libdir=/usr/lib --enable-nls --with-sysroot=/ --enable-clocale=gnu --enable-libstdcxx-debug --enable-libstdcxx-time=yes --enable-gnu-unique-object --enable-plugin --enable-objc-gc --disable-werror --with-arch-32=i686 --with-tune=generic --enable-checking=release --build=x86_64-linux-gnu --host=x86_64-linux-gnu --target=x86_64-linux-gnu
Thread model: posix
gcc version 4.6.3 (Ubuntu/Linaro 4.6.3-1ubuntu5) 
configure:2278: $? = 0
configure:2285: gcc -V >&5
gcc: error: unrecognized option '-V'
gcc: fatal error: no input files
compilation terminated.
configure:2289: $? = 4
configure:2312: checking for C compiler default output file name
configure:2334: gcc    conftest.c  >&5
configure:2338: $? = 0
configure:2376: result: a.out
configure:2395: checking whether the C compiler works
configure:2405: ./a.out
configure:2409: $? = 0
configure:2428: result: yes
configure:2435: checking whether we are cross compiling
configure:2437: result: no
configure:2440: checking for suffix of executables
configure:2447: gcc -o conftest    conftest.c  >&5
configure:2451: $? = 0
configure:2477: result: 
configure:2483: checking for suffix of object files
configure:2509: gcc -c   conftest.c >&5
configure:2513: $? = 0
configure:2538: result: o
configure:2542: checking whether we are using the GNU C compiler
configure:2571: gcc -c   conftest.c >&5
configure:2578: $? = 0
configure:2595: result: yes
configure:2604: checking whether gcc accepts -g
configure:2634: gcc -c -g  conftest.c >&5
configure:2641: $? = 0
configure:2742: result: yes
configure:2759: checking for gcc option to accept ISO C89
configure:2833: gcc  -c -g -O2  conftest.c >&5
configure:2840: $? = 0
configure:2863: result: none needed
configure:2926: checking for a BSD-compatible install
configure:2993: result: /usr/bin/install -c
configure:3004: checking whether ln -s works
configure:3008: result: yes
configure:3058: checking for ranlib
configure:3074: found /usr/bin/ranlib
configure:3085: result: ranlib
configure:3154: checking for ar
configure:3170: found /usr/bin/ar
configure:3181: result: ar
configure:3206: checking for main in -lX11
configure:3235: gcc -o conftest -g -O2   conftest.c -lX11   >&5
configure:3242: $? = 0
configure:3263: result: yes
configure:3275: checking for main in -lm
configure:3304: gcc -o conftest -g -O2   conftest.c -lm  -lX11  >&5
configure:3311: $? = 0
configure:3332: result: yes
configure:3401: checking for g77
configure:3431: result: no
configure:3401: checking for xlf
configure:3431: result: no
configure:3401: checking for f77
configure:3431: result: no
configure:3401: checking for frt
configure:3431: result: no
configure:3401: checking for pgf77
configure:3431: result: no
configure:3401: checking for cf77
configure:3431: result: no
configure:3401: checking for fort77
configure:3431: result: no
configure:3401: checking for fl32
configure:3431: result: no
configure:3401: checking for af77
configure:3431: result: no
configure:3401: checking for xlf90
configure:3431: result: no
configure:3401: checking for f90
configure:3431: result: no
configure:3401: checking for pgf90
configure:3431: result: no
configure:3401: checking for pghpf
configure:3431: result: no
configure:3401: checking for epcf90
configure:3431: result: no
configure:3401: checking for gfortran
configure:3431: result: no
configure:3401: checking for g95
configure:3431: result: no
configure:3401: checking for xlf95
configure:3431: result: no
configure:3401: checking for f95
configure:3431: result: no
configure:3401: checking for fort
configure:3431: result: no
configure:3401: checking for ifort
configure:3431: result: no
configure:3401: checking for ifc
configure:3431: result: no
configure:3401: checking for efc
configure:3431: result: no
configure:3401: checking for pgf95
configure:3431: result: no
configure:3401: checking for lf95
configure:3431: result: no
configure:3401: checking for ftn
configure:3431: result: no
configure:3454: checking for Fortran 77 compiler version
configure:3462:  --version >&5
./configure: line 3464: --version: command not found
configure:3466: $? = 127
configure:3473:  -v >&5
./configure: line 3475: -v: command not found
configure:3477: $? = 127
configure:3484:  -V >&5
./configure: line 3486: -V: command not found
configure:3488: $? = 127
configure:3496: checking whether we are using the GNU Fortran 77 compiler
configure:3515:  -c  conftest.F >&5
./configure: line 3517: -c: command not found
configure:3522: $? = 127
configure: failed program was:
|       program main
| #ifndef __GNUC__
|        choke me
| #endif
| 
|       end
configure:3539: result: no
configure:3545: checking whether  accepts -g
configure:3562:  -c -g conftest.f >&5
./configure: line 3564: -c: command not found
configure:3569: $? = 127
configure: failed program was:
|       program main
| 
|       end
configure:3585: result: no
configure:3965: checking how to run the C preprocessor
configure:4005: gcc -E  conftest.c
configure:4012: $? = 0
configure:4043: gcc -E  conftest.c
conftest.c:10:28: fatal error: ac_nonexistent.h: No such file or directory
compilation terminated.
configure:4050: $? = 1
configure: failed program was:
| /* confdefs.h.  */
| #define PACKAGE_NAME "HTS"
| #define PACKAGE_TARNAME "hts"
| #define PACKAGE_VERSION "2.2"
| #define PACKAGE_STRING "HTS 2.2"
| #define PACKAGE_BUGREPORT "hts-users@sp.nitech.ac.jp"
| #define HAVE_LIBX11 1
| #define HAVE_LIBM 1
| /* end confdefs.h.  */
| #include <ac_nonexistent.h>
configure:4083: result: gcc -E
configure:4112: gcc -E  conftest.c
configure:4119: $? = 0
configure:4150: gcc -E  conftest.c
conftest.c:10:28: fatal error: ac_nonexistent.h: No such file or directory
compilation terminated.
configure:4157: $? = 1
configure: failed program was:
| /* confdefs.h.  */
| #define PACKAGE_NAME "HTS"
| #define PACKAGE_TARNAME "hts"
| #define PACKAGE_VERSION "2.2"
| #define PACKAGE_STRING "HTS 2.2"
| #define PACKAGE_BUGREPORT "hts-users@sp.nitech.ac.jp"
| #define HAVE_LIBX11 1
| #define HAVE_LIBM 1
| /* end confdefs.h.  */
| #include <ac_nonexistent.h>
configure:4197: checking for X
configure:4312: gcc -E  conftest.c
configure:4319: $? = 0
configure:4368: gcc -o conftest -g -O2   conftest.c -lX11 -lm -lX11  >&5
configure:4375: $? = 0
configure:4437: result: libraries , headers 
configure:4441: checking for grep that handles long lines and -e
configure:4502: result: /bin/grep
configure:4507: checking for egrep
configure:4572: result: /bin/grep -E
configure:4577: checking for ANSI C header files
configure:4607: gcc -c -g -O2  conftest.c >&5
configure:4614: $? = 0
configure:4713: gcc -o conftest -g -O2   conftest.c -lm -lX11  >&5
configure:4717: $? = 0
configure:4723: ./conftest
configure:4727: $? = 0
configure:4745: result: yes
configure:4769: checking for sys/types.h
configure:4790: gcc -c -g -O2  conftest.c >&5
configure:4797: $? = 0
configure:4814: result: yes
configure:4769: checking for sys/stat.h
configure:4790: gcc -c -g -O2  conftest.c >&5
configure:4797: $? = 0
configure:4814: result: yes
configure:4769: checking for stdlib.h
configure:4790: gcc -c -g -O2  conftest.c >&5
configure:4797: $? = 0
configure:4814: result: yes
configure:4769: checking for string.h
configure:4790: gcc -c -g -O2  conftest.c >&5
configure:4797: $? = 0
configure:4814: result: yes
configure:4769: checking for memory.h
configure:4790: gcc -c -g -O2  conftest.c >&5
configure:4797: $? = 0
configure:4814: result: yes
configure:4769: checking for strings.h
configure:4790: gcc -c -g -O2  conftest.c >&5
configure:4797: $? = 0
configure:4814: result: yes
configure:4769: checking for inttypes.h
configure:4790: gcc -c -g -O2  conftest.c >&5
configure:4797: $? = 0
configure:4814: result: yes
configure:4769: checking for stdint.h
configure:4790: gcc -c -g -O2  conftest.c >&5
configure:4797: $? = 0
configure:4814: result: yes
configure:4769: checking for unistd.h
configure:4790: gcc -c -g -O2  conftest.c >&5
configure:4797: $? = 0
configure:4814: result: yes
configure:4855: checking errno.h usability
configure:4872: gcc -c -g -O2  conftest.c >&5
configure:4879: $? = 0
configure:4893: result: yes
configure:4897: checking errno.h presence
configure:4912: gcc -E  conftest.c
configure:4919: $? = 0
configure:4933: result: yes
configure:4966: checking for errno.h
configure:4975: result: yes
configure:4855: checking fcntl.h usability
configure:4872: gcc -c -g -O2  conftest.c >&5
configure:4879: $? = 0
configure:4893: result: yes
configure:4897: checking fcntl.h presence
configure:4912: gcc -E  conftest.c
configure:4919: $? = 0
configure:4933: result: yes
configure:4966: checking for fcntl.h
configure:4975: result: yes
configure:4855: checking float.h usability
configure:4872: gcc -c -g -O2  conftest.c >&5
configure:4879: $? = 0
configure:4893: result: yes
configure:4897: checking float.h presence
configure:4912: gcc -E  conftest.c
configure:4919: $? = 0
configure:4933: result: yes
configure:4966: checking for float.h
configure:4975: result: yes
configure:4855: checking limits.h usability
configure:4872: gcc -c -g -O2  conftest.c >&5
configure:4879: $? = 0
configure:4893: result: yes
configure:4897: checking limits.h presence
configure:4912: gcc -E  conftest.c
configure:4919: $? = 0
configure:4933: result: yes
configure:4966: checking for limits.h
configure:4975: result: yes
configure:4855: checking malloc.h usability
configure:4872: gcc -c -g -O2  conftest.c >&5
configure:4879: $? = 0
configure:4893: result: yes
configure:4897: checking malloc.h presence
configure:4912: gcc -E  conftest.c
configure:4919: $? = 0
configure:4933: result: yes
configure:4966: checking for malloc.h
configure:4975: result: yes
configure:4844: checking for memory.h
configure:4851: result: yes
configure:4844: checking for stdlib.h
configure:4851: result: yes
configure:4844: checking for string.h
configure:4851: result: yes
configure:4855: checking sys/ioctl.h usability
configure:4872: gcc -c -g -O2  conftest.c >&5
configure:4879: $? = 0
configure:4893: result: yes
configure:4897: checking sys/ioctl.h presence
configure:4912: gcc -E  conftest.c
configure:4919: $? = 0
configure:4933: result: yes
configure:4966: checking for sys/ioctl.h
configure:4975: result: yes
configure:4855: checking sys/socket.h usability
configure:4872: gcc -c -g -O2  conftest.c >&5
configure:4879: $? = 0
configure:4893: result: yes
configure:4897: checking sys/socket.h presence
configure:4912: gcc -E  conftest.c
configure:4919: $? = 0
configure:4933: result: yes
configure:4966: checking for sys/socket.h
configure:4975: result: yes
configure:4855: checking sys/time.h usability
configure:4872: gcc -c -g -O2  conftest.c >&5
configure:4879: $? = 0
configure:4893: result: yes
configure:4897: checking sys/time.h presence
configure:4912: gcc -E  conftest.c
configure:4919: $? = 0
configure:4933: result: yes
configure:4966: checking for sys/time.h
configure:4975: result: yes
configure:4844: checking for unistd.h
configure:4851: result: yes
configure:4991: checking for an ANSI C-conforming const
configure:5066: gcc -c -g -O2  conftest.c >&5
configure:5073: $? = 0
configure:5088: result: yes
configure:5098: checking for working volatile
configure:5127: gcc -c -g -O2  conftest.c >&5
configure:5134: $? = 0
configure:5149: result: yes
configure:5159: checking for size_t
configure:5187: gcc -c -g -O2  conftest.c >&5
configure:5194: $? = 0
configure:5221: gcc -c -g -O2  conftest.c >&5
conftest.c: In function 'main':
conftest.c:68:21: error: expected expression before ')' token
configure:5228: $? = 1
configure: failed program was:
| /* confdefs.h.  */
| #define PACKAGE_NAME "HTS"
| #define PACKAGE_TARNAME "hts"
| #define PACKAGE_VERSION "2.2"
| #define PACKAGE_STRING "HTS 2.2"
| #define PACKAGE_BUGREPORT "hts-users@sp.nitech.ac.jp"
| #define HAVE_LIBX11 1
| #define HAVE_LIBM 1
| #define STDC_HEADERS 1
| #define HAVE_SYS_TYPES_H 1
| #define HAVE_SYS_STAT_H 1
| #define HAVE_STDLIB_H 1
| #define HAVE_STRING_H 1
| #define HAVE_MEMORY_H 1
| #define HAVE_STRINGS_H 1
| #define HAVE_INTTYPES_H 1
| #define HAVE_STDINT_H 1
| #define HAVE_UNISTD_H 1
| #define HAVE_ERRNO_H 1
| #define HAVE_FCNTL_H 1
| #define HAVE_FLOAT_H 1
| #define HAVE_LIMITS_H 1
| #define HAVE_MALLOC_H 1
| #define HAVE_MEMORY_H 1
| #define HAVE_STDLIB_H 1
| #define HAVE_STRING_H 1
| #define HAVE_SYS_IOCTL_H 1
| #define HAVE_SYS_SOCKET_H 1
| #define HAVE_SYS_TIME_H 1
| #define HAVE_UNISTD_H 1
| /* end confdefs.h.  */
| #include <stdio.h>
| #ifdef HAVE_SYS_TYPES_H
| # include <sys/types.h>
| #endif
| #ifdef HAVE_SYS_STAT_H
| # include <sys/stat.h>
| #endif
| #ifdef STDC_HEADERS
| # include <stdlib.h>
| # include <stddef.h>
| #else
| # ifdef HAVE_STDLIB_H
| #  include <stdlib.h>
| # endif
| #endif
| #ifdef HAVE_STRING_H
| # if !defined STDC_HEADERS && defined HAVE_MEMORY_H
| #  include <memory.h>
| # endif
| # include <string.h>
| #endif
| #ifdef HAVE_STRINGS_H
| # include <strings.h>
| #endif
| #ifdef HAVE_INTTYPES_H
| # include <inttypes.h>
| #endif
| #ifdef HAVE_STDINT_H
| # include <stdint.h>
| #endif
| #ifdef HAVE_UNISTD_H
| # include <unistd.h>
| #endif
| int
| main ()
| {
| if (sizeof ((size_t)))
| 	  return 0;
|   ;
|   return 0;
| }
configure:5251: result: yes
configure:5263: checking whether time.h and sys/time.h may both be included
configure:5293: gcc -c -g -O2  conftest.c >&5
configure:5300: $? = 0
configure:5315: result: yes
configure:5325: checking whether struct tm is in sys/time.h or time.h
configure:5355: gcc -c -g -O2  conftest.c >&5
configure:5362: $? = 0
configure:5377: result: time.h
configure:5389: checking whether gcc needs -traditional
configure:5431: result: no
configure:5438: checking for working memcmp
configure:5491: gcc -o conftest -g -O2   conftest.c -lm -lX11  >&5
configure:5495: $? = 0
configure:5501: ./conftest
configure:5505: $? = 0
configure:5522: result: yes
configure:5536: checking for stdlib.h
configure:5543: result: yes
configure:5682: checking for GNU libc compatible malloc
configure:5716: gcc -o conftest -g -O2   conftest.c -lm -lX11  >&5
configure:5720: $? = 0
configure:5726: ./conftest
configure:5730: $? = 0
configure:5747: result: yes
configure:5780: checking for stdlib.h
configure:5787: result: yes
configure:5926: checking for GNU libc compatible realloc
configure:5960: gcc -o conftest -g -O2   conftest.c -lm -lX11  >&5
configure:5964: $? = 0
configure:5970: ./conftest
configure:5974: $? = 0
configure:5991: result: yes
configure:6019: checking for working strtod
configure:6070: gcc -o conftest -g -O2   conftest.c -lm -lX11  >&5
conftest.c: In function 'main':
conftest.c:92:12: warning: ignoring return value of 'strtod', declared with attribute warn_unused_result [-Wunused-result]
configure:6074: $? = 0
configure:6080: ./conftest
configure:6084: $? = 0
configure:6101: result: yes
configure:6273: checking return type of signal handlers
configure:6301: gcc -c -g -O2  conftest.c >&5
conftest.c: In function 'main':
conftest.c:43:1: error: void value not ignored as it ought to be
configure:6308: $? = 1
configure: failed program was:
| /* confdefs.h.  */
| #define PACKAGE_NAME "HTS"
| #define PACKAGE_TARNAME "hts"
| #define PACKAGE_VERSION "2.2"
| #define PACKAGE_STRING "HTS 2.2"
| #define PACKAGE_BUGREPORT "hts-users@sp.nitech.ac.jp"
| #define HAVE_LIBX11 1
| #define HAVE_LIBM 1
| #define STDC_HEADERS 1
| #define HAVE_SYS_TYPES_H 1
| #define HAVE_SYS_STAT_H 1
| #define HAVE_STDLIB_H 1
| #define HAVE_STRING_H 1
| #define HAVE_MEMORY_H 1
| #define HAVE_STRINGS_H 1
| #define HAVE_INTTYPES_H 1
| #define HAVE_STDINT_H 1
| #define HAVE_UNISTD_H 1
| #define HAVE_ERRNO_H 1
| #define HAVE_FCNTL_H 1
| #define HAVE_FLOAT_H 1
| #define HAVE_LIMITS_H 1
| #define HAVE_MALLOC_H 1
| #define HAVE_MEMORY_H 1
| #define HAVE_STDLIB_H 1
| #define HAVE_STRING_H 1
| #define HAVE_SYS_IOCTL_H 1
| #define HAVE_SYS_SOCKET_H 1
| #define HAVE_SYS_TIME_H 1
| #define HAVE_UNISTD_H 1
| #define TIME_WITH_SYS_TIME 1
| #define HAVE_STDLIB_H 1
| #define HAVE_MALLOC 1
| #define HAVE_STDLIB_H 1
| #define HAVE_REALLOC 1
| /* end confdefs.h.  */
| #include <sys/types.h>
| #include <signal.h>
| 
| int
| main ()
| {
| return *(signal (0, 0)) (0) == 1;
|   ;
|   return 0;
| }
configure:6323: result: void
configure:6335: checking for vprintf
configure:6391: gcc -o conftest -g -O2   conftest.c -lm -lX11  >&5
conftest.c:61:6: warning: conflicting types for built-in function 'vprintf' [enabled by default]
configure:6398: $? = 0
configure:6420: result: yes
configure:6429: checking for _doprnt
configure:6485: gcc -o conftest -g -O2   conftest.c -lm -lX11  >&5
/tmp/cctLqKXg.o: In function `main':
/home/steven/Downloads/HTK/htk/conftest.c:73: undefined reference to `_doprnt'
collect2: ld returned 1 exit status
configure:6492: $? = 1
configure: failed program was:
| /* confdefs.h.  */
| #define PACKAGE_NAME "HTS"
| #define PACKAGE_TARNAME "hts"
| #define PACKAGE_VERSION "2.2"
| #define PACKAGE_STRING "HTS 2.2"
| #define PACKAGE_BUGREPORT "hts-users@sp.nitech.ac.jp"
| #define HAVE_LIBX11 1
| #define HAVE_LIBM 1
| #define STDC_HEADERS 1
| #define HAVE_SYS_TYPES_H 1
| #define HAVE_SYS_STAT_H 1
| #define HAVE_STDLIB_H 1
| #define HAVE_STRING_H 1
| #define HAVE_MEMORY_H 1
| #define HAVE_STRINGS_H 1
| #define HAVE_INTTYPES_H 1
| #define HAVE_STDINT_H 1
| #define HAVE_UNISTD_H 1
| #define HAVE_ERRNO_H 1
| #define HAVE_FCNTL_H 1
| #define HAVE_FLOAT_H 1
| #define HAVE_LIMITS_H 1
| #define HAVE_MALLOC_H 1
| #define HAVE_MEMORY_H 1
| #define HAVE_STDLIB_H 1
| #define HAVE_STRING_H 1
| #define HAVE_SYS_IOCTL_H 1
| #define HAVE_SYS_SOCKET_H 1
| #define HAVE_SYS_TIME_H 1
| #define HAVE_UNISTD_H 1
| #define TIME_WITH_SYS_TIME 1
| #define HAVE_STDLIB_H 1
| #define HAVE_MALLOC 1
| #define HAVE_STDLIB_H 1
| #define HAVE_REALLOC 1
| #define RETSIGTYPE void
| #define HAVE_VPRINTF 1
| /* end confdefs.h.  */
| /* Define _doprnt to an innocuous variant, in case <limits.h> declares _doprnt.
|    For example, HP-UX 11i <limits.h> declares gettimeofday.  */
| #define _doprnt innocuous__doprnt
| 
| /* System header to define __stub macros and hopefully few prototypes,
|     which can conflict with char _doprnt (); below.
|     Prefer <limits.h> to <assert.h> if __STDC__ is defined, since
|     <limits.h> exists even on freestanding compilers.  */
| 
| #ifdef __STDC__
| # include <limits.h>
| #else
| # include <assert.h>
| #endif
| 
| #undef _doprnt
| 
| /* Override any GCC internal prototype to avoid an error.
|    Use char because int might match the return type of a GCC
|    builtin and then its argument prototype would still apply.  */
| #ifdef __cplusplus
| extern "C"
| #endif
| char _doprnt ();
| /* The GNU C library defines this for functions which it implements
|     to always fail with ENOSYS.  Some functions are actually named
|     something starting with __ and the normal name is an alias.  */
| #if defined __stub__doprnt || defined __stub____doprnt
| choke me
| #endif
| 
| int
| main ()
| {
| return _doprnt ();
|   ;
|   return 0;
| }
configure:6512: result: no
configure:6526: checking for stdbool.h that conforms to C99
configure:6621: gcc -c -g -O2  conftest.c >&5
configure:6628: $? = 0
configure:6643: result: yes
configure:6645: checking for _Bool
configure:6673: gcc -c -g -O2  conftest.c >&5
configure:6680: $? = 0
configure:6707: gcc -c -g -O2  conftest.c >&5
conftest.c: In function 'main':
conftest.c:75:20: error: expected expression before ')' token
configure:6714: $? = 1
configure: failed program was:
| /* confdefs.h.  */
| #define PACKAGE_NAME "HTS"
| #define PACKAGE_TARNAME "hts"
| #define PACKAGE_VERSION "2.2"
| #define PACKAGE_STRING "HTS 2.2"
| #define PACKAGE_BUGREPORT "hts-users@sp.nitech.ac.jp"
| #define HAVE_LIBX11 1
| #define HAVE_LIBM 1
| #define STDC_HEADERS 1
| #define HAVE_SYS_TYPES_H 1
| #define HAVE_SYS_STAT_H 1
| #define HAVE_STDLIB_H 1
| #define HAVE_STRING_H 1
| #define HAVE_MEMORY_H 1
| #define HAVE_STRINGS_H 1
| #define HAVE_INTTYPES_H 1
| #define HAVE_STDINT_H 1
| #define HAVE_UNISTD_H 1
| #define HAVE_ERRNO_H 1
| #define HAVE_FCNTL_H 1
| #define HAVE_FLOAT_H 1
| #define HAVE_LIMITS_H 1
| #define HAVE_MALLOC_H 1
| #define HAVE_MEMORY_H 1
| #define HAVE_STDLIB_H 1
| #define HAVE_STRING_H 1
| #define HAVE_SYS_IOCTL_H 1
| #define HAVE_SYS_SOCKET_H 1
| #define HAVE_SYS_TIME_H 1
| #define HAVE_UNISTD_H 1
| #define TIME_WITH_SYS_TIME 1
| #define HAVE_STDLIB_H 1
| #define HAVE_MALLOC 1
| #define HAVE_STDLIB_H 1
| #define HAVE_REALLOC 1
| #define RETSIGTYPE void
| #define HAVE_VPRINTF 1
| /* end confdefs.h.  */
| #include <stdio.h>
| #ifdef HAVE_SYS_TYPES_H
| # include <sys/types.h>
| #endif
| #ifdef HAVE_SYS_STAT_H
| # include <sys/stat.h>
| #endif
| #ifdef STDC_HEADERS
| # include <stdlib.h>
| # include <stddef.h>
| #else
| # ifdef HAVE_STDLIB_H
| #  include <stdlib.h>
| # endif
| #endif
| #ifdef HAVE_STRING_H
| # if !defined STDC_HEADERS && defined HAVE_MEMORY_H
| #  include <memory.h>
| # endif
| # include <string.h>
| #endif
| #ifdef HAVE_STRINGS_H
| # include <strings.h>
| #endif
| #ifdef HAVE_INTTYPES_H
| # include <inttypes.h>
| #endif
| #ifdef HAVE_STDINT_H
| # include <stdint.h>
| #endif
| #ifdef HAVE_UNISTD_H
| # include <unistd.h>
| #endif
| int
| main ()
| {
| if (sizeof ((_Bool)))
| 	  return 0;
|   ;
|   return 0;
| }
configure:6737: result: yes
configure:6773: checking for floor
configure:6829: gcc -o conftest -g -O2   conftest.c -lm -lX11  >&5
conftest.c:64:6: warning: conflicting types for built-in function 'floor' [enabled by default]
configure:6836: $? = 0
configure:6858: result: yes
configure:6773: checking for gettimeofday
configure:6829: gcc -o conftest -g -O2   conftest.c -lm -lX11  >&5
configure:6836: $? = 0
configure:6858: result: yes
configure:6773: checking for memmove
configure:6829: gcc -o conftest -g -O2   conftest.c -lm -lX11  >&5
conftest.c:66:6: warning: conflicting types for built-in function 'memmove' [enabled by default]
configure:6836: $? = 0
configure:6858: result: yes
configure:6773: checking for memset
configure:6829: gcc -o conftest -g -O2   conftest.c -lm -lX11  >&5
conftest.c:67:6: warning: conflicting types for built-in function 'memset' [enabled by default]
configure:6836: $? = 0
configure:6858: result: yes
configure:6773: checking for modf
configure:6829: gcc -o conftest -g -O2   conftest.c -lm -lX11  >&5
conftest.c:68:6: warning: conflicting types for built-in function 'modf' [enabled by default]
configure:6836: $? = 0
configure:6858: result: yes
configure:6773: checking for pow
configure:6829: gcc -o conftest -g -O2   conftest.c -lm -lX11  >&5
conftest.c:69:6: warning: conflicting types for built-in function 'pow' [enabled by default]
configure:6836: $? = 0
configure:6858: result: yes
configure:6773: checking for socket
configure:6829: gcc -o conftest -g -O2   conftest.c -lm -lX11  >&5
configure:6836: $? = 0
configure:6858: result: yes
configure:6773: checking for sqrt
configure:6829: gcc -o conftest -g -O2   conftest.c -lm -lX11  >&5
conftest.c:71:6: warning: conflicting types for built-in function 'sqrt' [enabled by default]
configure:6836: $? = 0
configure:6858: result: yes
configure:6773: checking for strchr
configure:6829: gcc -o conftest -g -O2   conftest.c -lm -lX11  >&5
conftest.c:72:6: warning: conflicting types for built-in function 'strchr' [enabled by default]
configure:6836: $? = 0
configure:6858: result: yes
configure:6773: checking for strcspn
configure:6829: gcc -o conftest -g -O2   conftest.c -lm -lX11  >&5
conftest.c:73:6: warning: conflicting types for built-in function 'strcspn' [enabled by default]
configure:6836: $? = 0
configure:6858: result: yes
configure:6773: checking for strrchr
configure:6829: gcc -o conftest -g -O2   conftest.c -lm -lX11  >&5
conftest.c:74:6: warning: conflicting types for built-in function 'strrchr' [enabled by default]
configure:6836: $? = 0
configure:6858: result: yes
configure:6773: checking for strspn
configure:6829: gcc -o conftest -g -O2   conftest.c -lm -lX11  >&5
conftest.c:75:6: warning: conflicting types for built-in function 'strspn' [enabled by default]
configure:6836: $? = 0
configure:6858: result: yes
configure:6773: checking for strstr
configure:6829: gcc -o conftest -g -O2   conftest.c -lm -lX11  >&5
conftest.c:76:6: warning: conflicting types for built-in function 'strstr' [enabled by default]
configure:6836: $? = 0
configure:6858: result: yes
configure:6773: checking for strtol
configure:6829: gcc -o conftest -g -O2   conftest.c -lm -lX11  >&5
configure:6836: $? = 0
configure:6858: result: yes
configure:6874: checking for strdup
configure:6930: gcc -o conftest -g -O2   conftest.c -lm -lX11  >&5
conftest.c:78:6: warning: conflicting types for built-in function 'strdup' [enabled by default]
configure:6937: $? = 0
configure:6959: result: yes
configure:6979: checking build system type
configure:6997: result: x86_64-unknown-linux-gnu
configure:7019: checking host system type
configure:7034: result: x86_64-unknown-linux-gnu
configure:7057: checking whether byte ordering is bigendian
configure:7082: gcc -c -g -O2  conftest.c >&5
conftest.c:57:9: error: unknown type name 'not'
conftest.c:57:15: error: expected '=', ',', ';', 'asm' or '__attribute__' before 'universal'
conftest.c:57:15: error: unknown type name 'universal'
configure:7089: $? = 1
configure: failed program was:
| /* confdefs.h.  */
| #define PACKAGE_NAME "HTS"
| #define PACKAGE_TARNAME "hts"
| #define PACKAGE_VERSION "2.2"
| #define PACKAGE_STRING "HTS 2.2"
| #define PACKAGE_BUGREPORT "hts-users@sp.nitech.ac.jp"
| #define HAVE_LIBX11 1
| #define HAVE_LIBM 1
| #define STDC_HEADERS 1
| #define HAVE_SYS_TYPES_H 1
| #define HAVE_SYS_STAT_H 1
| #define HAVE_STDLIB_H 1
| #define HAVE_STRING_H 1
| #define HAVE_MEMORY_H 1
| #define HAVE_STRINGS_H 1
| #define HAVE_INTTYPES_H 1
| #define HAVE_STDINT_H 1
| #define HAVE_UNISTD_H 1
| #define HAVE_ERRNO_H 1
| #define HAVE_FCNTL_H 1
| #define HAVE_FLOAT_H 1
| #define HAVE_LIMITS_H 1
| #define HAVE_MALLOC_H 1
| #define HAVE_MEMORY_H 1
| #define HAVE_STDLIB_H 1
| #define HAVE_STRING_H 1
| #define HAVE_SYS_IOCTL_H 1
| #define HAVE_SYS_SOCKET_H 1
| #define HAVE_SYS_TIME_H 1
| #define HAVE_UNISTD_H 1
| #define TIME_WITH_SYS_TIME 1
| #define HAVE_STDLIB_H 1
| #define HAVE_MALLOC 1
| #define HAVE_STDLIB_H 1
| #define HAVE_REALLOC 1
| #define RETSIGTYPE void
| #define HAVE_VPRINTF 1
| #define HAVE__BOOL 1
| #define HAVE_STDBOOL_H 1
| #define HAVE_FLOOR 1
| #define HAVE_GETTIMEOFDAY 1
| #define HAVE_MEMMOVE 1
| #define HAVE_MEMSET 1
| #define HAVE_MODF 1
| #define HAVE_POW 1
| #define HAVE_SOCKET 1
| #define HAVE_SQRT 1
| #define HAVE_STRCHR 1
| #define HAVE_STRCSPN 1
| #define HAVE_STRRCHR 1
| #define HAVE_STRSPN 1
| #define HAVE_STRSTR 1
| #define HAVE_STRTOL 1
| #define HAVE_STRDUP 1
| /* end confdefs.h.  */
| #ifndef __APPLE_CC__
| 	       not a universal capable compiler
| 	     #endif
| 	     typedef int dummy;
| 
configure:7139: gcc -c -g -O2  conftest.c >&5
configure:7146: $? = 0
configure:7178: gcc -c -g -O2  conftest.c >&5
conftest.c: In function 'main':
conftest.c:63:4: error: unknown type name 'not'
conftest.c:63:12: error: expected '=', ',', ';', 'asm' or '__attribute__' before 'endian'
configure:7185: $? = 1
configure: failed program was:
| /* confdefs.h.  */
| #define PACKAGE_NAME "HTS"
| #define PACKAGE_TARNAME "hts"
| #define PACKAGE_VERSION "2.2"
| #define PACKAGE_STRING "HTS 2.2"
| #define PACKAGE_BUGREPORT "hts-users@sp.nitech.ac.jp"
| #define HAVE_LIBX11 1
| #define HAVE_LIBM 1
| #define STDC_HEADERS 1
| #define HAVE_SYS_TYPES_H 1
| #define HAVE_SYS_STAT_H 1
| #define HAVE_STDLIB_H 1
| #define HAVE_STRING_H 1
| #define HAVE_MEMORY_H 1
| #define HAVE_STRINGS_H 1
| #define HAVE_INTTYPES_H 1
| #define HAVE_STDINT_H 1
| #define HAVE_UNISTD_H 1
| #define HAVE_ERRNO_H 1
| #define HAVE_FCNTL_H 1
| #define HAVE_FLOAT_H 1
| #define HAVE_LIMITS_H 1
| #define HAVE_MALLOC_H 1
| #define HAVE_MEMORY_H 1
| #define HAVE_STDLIB_H 1
| #define HAVE_STRING_H 1
| #define HAVE_SYS_IOCTL_H 1
| #define HAVE_SYS_SOCKET_H 1
| #define HAVE_SYS_TIME_H 1
| #define HAVE_UNISTD_H 1
| #define TIME_WITH_SYS_TIME 1
| #define HAVE_STDLIB_H 1
| #define HAVE_MALLOC 1
| #define HAVE_STDLIB_H 1
| #define HAVE_REALLOC 1
| #define RETSIGTYPE void
| #define HAVE_VPRINTF 1
| #define HAVE__BOOL 1
| #define HAVE_STDBOOL_H 1
| #define HAVE_FLOOR 1
| #define HAVE_GETTIMEOFDAY 1
| #define HAVE_MEMMOVE 1
| #define HAVE_MEMSET 1
| #define HAVE_MODF 1
| #define HAVE_POW 1
| #define HAVE_SOCKET 1
| #define HAVE_SQRT 1
| #define HAVE_STRCHR 1
| #define HAVE_STRCSPN 1
| #define HAVE_STRRCHR 1
| #define HAVE_STRSPN 1
| #define HAVE_STRSTR 1
| #define HAVE_STRTOL 1
| #define HAVE_STRDUP 1
| /* end confdefs.h.  */
| #include <sys/types.h>
| 		#include <sys/param.h>
| 
| int
| main ()
| {
| #if BYTE_ORDER != BIG_ENDIAN
| 		 not big endian
| 		#endif
| 
|   ;
|   return 0;
| }
configure:7437: result: no
configure:7466: checking size of int *
configure:7771: gcc -o conftest -g -O2   conftest.c -lm -lX11  >&5
configure:7775: $? = 0
configure:7781: ./conftest
configure:7785: $? = 0
configure:7811: result: 8
configure:7877: checking whether to compile in 32-bit or 64-bit mode
configure:7884: result: 64-bit
configure:8157: creating ./config.status

## ---------------------- ##
## Running config.status. ##
## ---------------------- ##

This file was extended by HTS config.status 2.2, which was
generated by GNU Autoconf 2.63.  Invocation command line was

  CONFIG_FILES    = 
  CONFIG_HEADERS  = 
  CONFIG_LINKS    = 
  CONFIG_COMMANDS = 
  $ ./config.status 

on ws09

config.status:802: creating HTKLib/Makefile
config.status:949: WARNING:  'HTKLib/Makefile.in' seems to ignore the --datarootdir setting
config.status:802: creating HTKTools/Makefile
config.status:949: WARNING:  'HTKTools/Makefile.in' seems to ignore the --datarootdir setting
config.status:802: creating HLMLib/Makefile
config.status:949: WARNING:  'HLMLib/Makefile.in' seems to ignore the --datarootdir setting
config.status:802: creating HLMTools/Makefile
config.status:949: WARNING:  'HLMTools/Makefile.in' seems to ignore the --datarootdir setting
config.status:802: creating HTKLVRec/Makefile
config.status:949: WARNING:  'HTKLVRec/Makefile.in' seems to ignore the --datarootdir setting
config.status:802: creating Makefile
config.status:949: WARNING:  'Makefile.in' seems to ignore the --datarootdir setting

## ---------------- ##
## Cache variables. ##
## ---------------- ##

ac_cv_build=x86_64-unknown-linux-gnu
ac_cv_c_bigendian=no
ac_cv_c_compiler_gnu=yes
ac_cv_c_const=yes
ac_cv_c_volatile=yes
ac_cv_env_CC_set=
ac_cv_env_CC_value=
ac_cv_env_CFLAGS_set=
ac_cv_env_CFLAGS_value=
ac_cv_env_CPPFLAGS_set=
ac_cv_env_CPPFLAGS_value=
ac_cv_env_CPP_set=
ac_cv_env_CPP_value=
ac_cv_env_F77_set=
ac_cv_env_F77_value=
ac_cv_env_FFLAGS_set=
ac_cv_env_FFLAGS_value=
ac_cv_env_LDFLAGS_set=
ac_cv_env_LDFLAGS_value=
ac_cv_env_LIBS_set=
ac_cv_env_LIBS_value=
ac_cv_env_MAXFNAMELEN_set=
ac_cv_env_MAXFNAMELEN_value=
ac_cv_env_MAXSTRLEN_set=
ac_cv_env_MAXSTRLEN_value=
ac_cv_env_PAT_LEN_set=
ac_cv_env_PAT_LEN_value=
ac_cv_env_SMAX_set=
ac_cv_env_SMAX_value=
ac_cv_env_XMKMF_set=
ac_cv_env_XMKMF_value=
ac_cv_env_build_alias_set=
ac_cv_env_build_alias_value=
ac_cv_env_host_alias_set=
ac_cv_env_host_alias_value=
ac_cv_env_target_alias_set=
ac_cv_env_target_alias_value=
ac_cv_f77_compiler_gnu=no
ac_cv_func__doprnt=no
ac_cv_func_floor=yes
ac_cv_func_gettimeofday=yes
ac_cv_func_malloc_0_nonnull=yes
ac_cv_func_memcmp_working=yes
ac_cv_func_memmove=yes
ac_cv_func_memset=yes
ac_cv_func_modf=yes
ac_cv_func_pow=yes
ac_cv_func_realloc_0_nonnull=yes
ac_cv_func_socket=yes
ac_cv_func_sqrt=yes
ac_cv_func_strchr=yes
ac_cv_func_strcspn=yes
ac_cv_func_strdup=yes
ac_cv_func_strrchr=yes
ac_cv_func_strspn=yes
ac_cv_func_strstr=yes
ac_cv_func_strtod=yes
ac_cv_func_strtol=yes
ac_cv_func_vprintf=yes
ac_cv_have_x='have_x=yes	ac_x_includes='\'''\''	ac_x_libraries='\'''\'''
ac_cv_header_errno_h=yes
ac_cv_header_fcntl_h=yes
ac_cv_header_float_h=yes
ac_cv_header_inttypes_h=yes
ac_cv_header_limits_h=yes
ac_cv_header_malloc_h=yes
ac_cv_header_memory_h=yes
ac_cv_header_stdbool_h=yes
ac_cv_header_stdc=yes
ac_cv_header_stdint_h=yes
ac_cv_header_stdlib_h=yes
ac_cv_header_string_h=yes
ac_cv_header_strings_h=yes
ac_cv_header_sys_ioctl_h=yes
ac_cv_header_sys_socket_h=yes
ac_cv_header_sys_stat_h=yes
ac_cv_header_sys_time_h=yes
ac_cv_header_sys_types_h=yes
ac_cv_header_time=yes
ac_cv_header_unistd_h=yes
ac_cv_host=x86_64-unknown-linux-gnu
ac_cv_lib_X11_main=yes
ac_cv_lib_m_main=yes
ac_cv_objext=o
ac_cv_path_EGREP='/bin/grep -E'
ac_cv_path_GREP=/bin/grep
ac_cv_path_install='/usr/bin/install -c'
ac_cv_prog_AWK=mawk
ac_cv_prog_CPP='gcc -E'
ac_cv_prog_ac_ct_AR=ar
ac_cv_prog_ac_ct_CC=gcc
ac_cv_prog_ac_ct_RANLIB=ranlib
ac_cv_prog_cc_c89=
ac_cv_prog_cc_g=yes
ac_cv_prog_f77_g=no
ac_cv_prog_gcc_traditional=no
ac_cv_prog_make_make_set=yes
ac_cv_sizeof_int_p=8
ac_cv_struct_tm=time.h
ac_cv_type__Bool=yes
ac_cv_type_signal=void
ac_cv_type_size_t=yes

## ----------------- ##
## Output variables. ##
## ----------------- ##

AR='ar'
AWK='mawk'
BINARY_EXTENSION=''
CC='gcc'
CFLAGS='-ansi -D_SVID_SOURCE -DOSS_AUDIO -D'\''ARCH="x86_64"'\'' -Wall -Wno-switch -g -O2'
CPP='gcc -E'
CPPFLAGS=''
DEFS='-DHAVE_CONFIG_H'
ECHO_C=''
ECHO_N='-n'
ECHO_T=''
EGREP='/bin/grep -E'
EXEEXT=''
F77=''
FFLAGS=''
FLIBS=''
GREP='/bin/grep'
HGRAF='HGraf.o'
HSLAB='HSLab'
INSTALL_DATA='${INSTALL} -m 644'
INSTALL_PROGRAM='${INSTALL}'
INSTALL_SCRIPT='${INSTALL}'
LBFGS=''
LDFLAGS='-L/usr/X11R6/lib64 '
LIBLV=''
LIBOBJS=''
LIBS='-lm -lX11 '
LN_S='ln -s'
LTLIBOBJS=''
MAXFNAMELEN=''
MAXSTRLEN=''
OBJEXT='o'
PACKAGE_BUGREPORT='hts-users@sp.nitech.ac.jp'
PACKAGE_NAME='HTS'
PACKAGE_STRING='HTS 2.2'
PACKAGE_TARNAME='hts'
PACKAGE_VERSION='2.2'
PATH_SEPARATOR=':'
PAT_LEN=''
POW_LIB=''
RANLIB='ranlib'
SET_MAKE=''
SHELL='/bin/bash'
SMAX=''
TRADHTK=''
TRADHTKBIN='linux'
XMKMF=''
ac_ct_CC='gcc'
ac_ct_F77=''
bindir='${exec_prefix}/bin'
build='x86_64-unknown-linux-gnu'
build_alias=''
build_cpu='x86_64'
build_os='linux-gnu'
build_vendor='unknown'
datadir='${datarootdir}'
datarootdir='${prefix}/share'
docdir='${datarootdir}/doc/${PACKAGE_TARNAME}'
dvidir='${docdir}'
exec_prefix='${prefix}'
host='x86_64-unknown-linux-gnu'
host_alias=''
host_cpu='x86_64'
host_os='linux-gnu'
host_vendor='unknown'
htmldir='${docdir}'
includedir='${prefix}/include'
infodir='${datarootdir}/info'
libdir='${exec_prefix}/lib'
libexecdir='${exec_prefix}/libexec'
localedir='${datarootdir}/locale'
localstatedir='${prefix}/var'
make_all='htktools'
make_install='install-htktools'
mandir='${datarootdir}/man'
oldincludedir='/usr/include'
pdfdir='${docdir}'
prefix='/usr/local'
program_transform_name='s,x,x,'
psdir='${docdir}'
sbindir='${exec_prefix}/sbin'
sharedstatedir='${prefix}/com'
sysconfdir='${prefix}/etc'
target_alias=''

## ----------- ##
## confdefs.h. ##
## ----------- ##

#define PACKAGE_NAME "HTS"
#define PACKAGE_TARNAME "hts"
#define PACKAGE_VERSION "2.2"
#define PACKAGE_STRING "HTS 2.2"
#define PACKAGE_BUGREPORT "hts-users@sp.nitech.ac.jp"
#define HAVE_LIBX11 1
#define HAVE_LIBM 1
#define STDC_HEADERS 1
#define HAVE_SYS_TYPES_H 1
#define HAVE_SYS_STAT_H 1
#define HAVE_STDLIB_H 1
#define HAVE_STRING_H 1
#define HAVE_MEMORY_H 1
#define HAVE_STRINGS_H 1
#define HAVE_INTTYPES_H 1
#define HAVE_STDINT_H 1
#define HAVE_UNISTD_H 1
#define HAVE_ERRNO_H 1
#define HAVE_FCNTL_H 1
#define HAVE_FLOAT_H 1
#define HAVE_LIMITS_H 1
#define HAVE_MALLOC_H 1
#define HAVE_MEMORY_H 1
#define HAVE_STDLIB_H 1
#define HAVE_STRING_H 1
#define HAVE_SYS_IOCTL_H 1
#define HAVE_SYS_SOCKET_H 1
#define HAVE_SYS_TIME_H 1
#define HAVE_UNISTD_H 1
#define TIME_WITH_SYS_TIME 1
#define HAVE_STDLIB_H 1
#define HAVE_MALLOC 1
#define HAVE_STDLIB_H 1
#define HAVE_REALLOC 1
#define RETSIGTYPE void
#define HAVE_VPRINTF 1
#define HAVE__BOOL 1
#define HAVE_STDBOOL_H 1
#define HAVE_FLOOR 1
#define HAVE_GETTIMEOFDAY 1
#define HAVE_MEMMOVE 1
#define HAVE_MEMSET 1
#define HAVE_MODF 1
#define HAVE_POW 1
#define HAVE_SOCKET 1
#define HAVE_SQRT 1
#define HAVE_STRCHR 1
#define HAVE_STRCSPN 1
#define HAVE_STRRCHR 1
#define HAVE_STRSPN 1
#define HAVE_STRSTR 1
#define HAVE_STRTOL 1
#define HAVE_STRDUP 1
#define SIZEOF_INT_P 8

configure: exit 0
